<?xml version="1.0" encoding="UTF-8"?>
<!-- Do not edit this file with editors other than diagrams.net -->
<!DOCTYPE svg PUBLIC "-//W3C//DTD SVG 1.1//EN" "http://www.w3.org/Graphics/SVG/1.1/DTD/svg11.dtd">
<svg xmlns="http://www.w3.org/2000/svg" xmlns:xlink="http://www.w3.org/1999/xlink" version="1.1" width="401px" height="82px" viewBox="-0.5 -0.5 401 82" content="&lt;mxfile host=&quot;app.diagrams.net&quot; modified=&quot;2022-07-14T06:55:17.350Z&quot; agent=&quot;5.0 (X11; Linux x86_64) AppleWebKit/537.36 (KHTML, like Gecko) Chrome/103.0.5060.114 Safari/537.36&quot; version=&quot;20.1.1&quot; etag=&quot;PHcGEtXDyQVDkLLjJrug&quot; type=&quot;google&quot;&gt;&lt;diagram id=&quot;J-5VNR_-e8r_35Mgx_hL&quot;&gt;jVRNb9swDP01RpdDDcnKh3Pssna77JTDzqrN2kJl0ZOVOtmvHxXTdtyiQIEAIR/5JH48OVGH5vzT67b+jSXYJBPlOVE/kiyTKlP0F5HLgGzy/QBU3pScNANH8w8YFIyeTAndIjEg2mDaJVigc1CEBaa9x36Z9oJ2eWurK/gAHAttP6J/TBnqAc2z3Yz/AlPV481yy/01ekzmTrpal9jfQOoxUQePGAarOR/AxuGNcxl4T59Ep8I8uPAVQjYQ3rQ9cW9JtrVE/f5MRhWNI/ylDOrejSE6bopSCF08AS26oL1BiuimpZB77toh41uBXSxHpEKkqdzs0g2VJXgR+XpDTs+DlPkqMnQRTjpWGkwDA1XKNBXpfre9pa7JsYjXxcvVVLyf63uPPBkbwCfqIV5T6qCd7goTdBJHxaWPrd3J/X53LyT97iJDPRABVry7cBkF4fHkSogzlUTsaxPg2OoiRnt6AoTVobEcfqFBsaZlFi+zuovlC7K74PF1ElXMnhQiriVdtwU+wPnTjctJR/QAARsI/kIpTFCsPH56a3b7WcdrwVh9o+GcMc1Pp5oOntVFBgtsdGchX2M3nwP1+B8=&lt;/diagram&gt;&lt;/mxfile&gt;" style="background-color: rgb(255, 255, 255);"><defs/><g><rect x="0" y="0" width="400" height="80" rx="12" ry="12" fill="rgb(255, 255, 255)" stroke="rgb(0, 0, 0)" pointer-events="all"/><g transform="translate(-0.5 -0.5)"><switch><foreignObject pointer-events="none" width="100%" height="100%" requiredFeatures="http://www.w3.org/TR/SVG11/feature#Extensibility" style="overflow: visible; text-align: left;"><div xmlns="http://www.w3.org/1999/xhtml" style="display: flex; align-items: unsafe center; justify-content: unsafe center; width: 398px; height: 1px; padding-top: 40px; margin-left: 1px;"><div data-drawio-colors="color: rgb(0, 0, 0); " style="box-sizing: border-box; font-size: 0px; text-align: center;"><div style="display: inline-block; font-size: 12px; font-family: Helvetica; color: rgb(0, 0, 0); line-height: 1.2; pointer-events: all; white-space: normal; overflow-wrap: normal;"><b>Seq Scan</b> on volontario  (cost=0.00..157.50 rows=845 width=18) (actual time=0.011..0.976 rows=844 loops=1)<br /><br />Filter: (datanascita &gt; '1997-01-01'::date)</div></div></div></foreignObject><text x="200" y="44" fill="rgb(0, 0, 0)" font-family="Helvetica" font-size="12px" text-anchor="middle">Seq Scan on volontario  (cost=0.00..157.50 rows=845 width=18) (act...</text></switch></g></g><switch><g requiredFeatures="http://www.w3.org/TR/SVG11/feature#Extensibility"/><a transform="translate(0,-5)" xlink:href="https://www.diagrams.net/doc/faq/svg-export-text-problems" target="_blank"><text text-anchor="middle" font-size="10px" x="50%" y="100%">Text is not SVG - cannot display</text></a></switch></svg>