<?xml version="1.0" encoding="UTF-8"?>
<!-- Do not edit this file with editors other than diagrams.net -->
<!DOCTYPE svg PUBLIC "-//W3C//DTD SVG 1.1//EN" "http://www.w3.org/Graphics/SVG/1.1/DTD/svg11.dtd">
<svg xmlns="http://www.w3.org/2000/svg" xmlns:xlink="http://www.w3.org/1999/xlink" version="1.1" width="1210px" height="803px" viewBox="-0.5 -0.5 1210 803" content="&lt;mxfile host=&quot;app.diagrams.net&quot; modified=&quot;2022-07-15T07:55:48.886Z&quot; agent=&quot;5.0 (X11; Linux x86_64) AppleWebKit/537.36 (KHTML, like Gecko) Chrome/103.0.5060.114 Safari/537.36&quot; version=&quot;20.1.1&quot; etag=&quot;fy1Cx2MPWDme6A7PxNmK&quot; type=&quot;google&quot;&gt;&lt;diagram id=&quot;eG-ag0NBRRFlbyuj9BZU&quot;&gt;5Vpbc6M2FP41nt08RCMhEOIxl23TzrTTaR7afcoooLWZYOTFcmLvr68E4iZgfFmTIa4nE9DR/ZzvfDocmOG75fbXjK0Wf4iIJzMHRtsZvp85DkY+URct2RUS5CK3kMyzODKyWvAY/+BGCI10E0d83WoohUhkvGoLQ5GmPJQtGcsy8dZu9k0k7VlXbM47gseQJV3pP3EkF4WUOn4tf+DxfFHOjEhQ1CxZ2djsZL1gkXhriPCXGb7LhJDF3XJ7xxOtvVIvRb9fBmqrhWU8lYd0cIoOryzZmL3NHJKorrdR/Kpu5/q2FD2Xgge2Xqhev4s4LevUFM+N9my5Ujfp83qVl+HnUKz1ghAlIMAAYOoArIwOjTGoggR8M7p0r3QPFsoN02uV8VKvDQLsEQAQIJ5fd8RY3SdC5JZHV43l9Gygb0+ZLdnb1ez+TqRKiTd6qZFI2Y9YpByEIpIZW69EJoWqyVUKK0mrenCtOS7krgRbJjZpxLW9kKp+W8SSP65YqGvflH8p2UIuE1P9TaTS+AtSYLqdJ2ytNaNWcruWmXipAKtbV+iD1cSvPJN8O4gmVGFUeTcXSy6znWpSujYxsDaO7TgeLQRvtZu40DRaNFyEGhkznjmvxq7Bq24MfvuxjAexXCHzkX9XLZQnD+AWilRvOBORkNqAgziGAEKFReK1UIwgyYvlbukAkCHyAYDAJX63bxPLF4SEfHPvhQR3PxIKJz6KuygGkAKQX2q7Edzc1RB1IZdqi6uL3fMy7I1QELQN7rqwY3Dsj2Rw7wzHmGX2XnoooRB4QP0BhwYgn7g8xVDzGBvyflQcY66P654+tbFw5Dm2XmlOa6CHfN+IfLcsfJnnSLoORSKy4siK01jGaln5AKblQUdjMc+RJ+YIi+wewiVr60O2OpCrM7h1RFeFqyN39nEdtEPILu7652iETMYhZAoQUoSsLw1a1WH4fifETk7I2Gn2pBdDyBRi4O0/gjHG41jcP4mRb2O5VHp04APPL/sitYafDz9yuMA/FSXQIRolUGtkGCXjP3L8zcMFD1/ahPc5YpKJjGmOK7dfDJAz3icHOs419K6h3rbybHxj/n3Su7358z5/dOmOkXTGIH1jXODzix9YJElhTxBDRiJJ2uMyli55Gt3o/IUqpRr1Ld3VitbqUFvOdv/mKPbK4lfTMi/cb5st73dlaRvLRjdV+tqoqTvpwq6leh5ZWZO12GShERmakSybc9kK2g4wT0P7Xo/yS1nGEybj1/Yi+ixiZvhLBX6ytr7nBSBo/Dr0idsjFtszgzRzLPa4LrGOXmqNVGilM1IOmEoNB2EoOC+GxsECmZjhEYTItrV/oq2JzgzUPwtDnusfZHllILZrNFvpBuvhHQQ+7J+oRlIx5Km4KjOv0wZWlX+dCLACF7fN4gfkNFx1DOyj0TgEoY9ga3ditkbYpxbNkxON7dnPalXe5My0gTB1+2c6G28458XStIIaw+7NoMaZGCw9O6TFdqh6MCrtkRROR6Ogvlz++1LQqVA7ADaIdHEzPTqj7mAC4VjoIJdY2WEPHhYInYKdA7L/VZ7hN4WS7Wx/oqEzQhxtn0QWPZnn56dmJuKYHJZ5kaR07c0GkhNwMDkB8+SEc0ByoptzqCWlDqaVWqjyvR84nUAtBwq8nnRC3zsRhM6QT0B9b0Uuh0TdLolOL/63jsxKcHT8jy0Cpd54BDqcrT9n7rbxncQgOwYAnfrG1bxjh75r95xA6jYNFQ/xLjM6EF9gWhU50HrMICWc3yOvin7yXcRPxwiFtZ+agD8+RAjUQT/kA4MRAspfckHU6fm+PtATYfzPPKDzeYRPezxgvFDgzO8WJhYK+N1QAE0uyYw9iwR9PzjxcQp7Vl6R2HnFk6MBVay/Pi2a1x/x4i//AQ==&lt;/diagram&gt;&lt;/mxfile&gt;" style="background-color: rgb(255, 255, 255);"><defs/><g><rect x="0" y="0" width="400" height="80" rx="12" ry="12" fill="rgb(255, 255, 255)" stroke="rgb(0, 0, 0)" pointer-events="all"/><g transform="translate(-0.5 -0.5)"><switch><foreignObject pointer-events="none" width="100%" height="100%" requiredFeatures="http://www.w3.org/TR/SVG11/feature#Extensibility" style="overflow: visible; text-align: left;"><div xmlns="http://www.w3.org/1999/xhtml" style="display: flex; align-items: unsafe center; justify-content: unsafe center; width: 398px; height: 1px; padding-top: 40px; margin-left: 1px;"><div data-drawio-colors="color: rgb(0, 0, 0); " style="box-sizing: border-box; font-size: 0px; text-align: center;"><div style="display: inline-block; font-size: 12px; font-family: Helvetica; color: rgb(0, 0, 0); line-height: 1.2; pointer-events: all; white-space: normal; overflow-wrap: normal;"><div><b>Hash Join</b>  (cost=186.93..382.34 rows=86 width=4) (actual time=0.356..1.657 rows=33 loops=1)</div><div><br /></div><div>Hash Cond: (donazione.codtrasporto = trasporto.codtrasporto)</div></div></div></div></foreignObject><text x="200" y="44" fill="rgb(0, 0, 0)" font-family="Helvetica" font-size="12px" text-anchor="middle">Hash Join  (cost=186.93..382.34 rows=86 width=4) (actual time=0.35...</text></switch></g><rect x="0" y="376" width="400" height="80" rx="12" ry="12" fill="rgb(255, 255, 255)" stroke="rgb(0, 0, 0)" pointer-events="all"/><g transform="translate(-0.5 -0.5)"><switch><foreignObject pointer-events="none" width="100%" height="100%" requiredFeatures="http://www.w3.org/TR/SVG11/feature#Extensibility" style="overflow: visible; text-align: left;"><div xmlns="http://www.w3.org/1999/xhtml" style="display: flex; align-items: unsafe center; justify-content: unsafe center; width: 398px; height: 1px; padding-top: 416px; margin-left: 1px;"><div data-drawio-colors="color: rgb(0, 0, 0); " style="box-sizing: border-box; font-size: 0px; text-align: center;"><div style="display: inline-block; font-size: 12px; font-family: Helvetica; color: rgb(0, 0, 0); line-height: 1.2; pointer-events: all; white-space: normal; overflow-wrap: normal;"><b>Seq Scan</b> on prodotto  (cost=0.00..165.34 rows=10634 width=8) (actual time=0.017..0.467 rows=10634 loops=1)</div></div></div></foreignObject><text x="200" y="420" fill="rgb(0, 0, 0)" font-family="Helvetica" font-size="12px" text-anchor="middle">Seq Scan on prodotto  (cost=0.00..165.34 rows=10634 width=8) (actu...</text></switch></g><rect x="839" y="182" width="370" height="80" rx="12" ry="12" fill="rgb(255, 255, 255)" stroke="rgb(0, 0, 0)" pointer-events="all"/><g transform="translate(-0.5 -0.5)"><switch><foreignObject pointer-events="none" width="100%" height="100%" requiredFeatures="http://www.w3.org/TR/SVG11/feature#Extensibility" style="overflow: visible; text-align: left;"><div xmlns="http://www.w3.org/1999/xhtml" style="display: flex; align-items: unsafe center; justify-content: unsafe center; width: 368px; height: 1px; padding-top: 222px; margin-left: 840px;"><div data-drawio-colors="color: rgb(0, 0, 0); " style="box-sizing: border-box; font-size: 0px; text-align: center;"><div style="display: inline-block; font-size: 12px; font-family: Helvetica; color: rgb(0, 0, 0); line-height: 1.2; pointer-events: all; white-space: normal; overflow-wrap: normal;"><b>Hash</b>  (cost=83.08..83.08 rows=632 width=4) (actual time=0.148..0.148 rows=632 loops=1)</div></div></div></foreignObject><text x="1024" y="226" fill="rgb(0, 0, 0)" font-family="Helvetica" font-size="12px" text-anchor="middle">Hash  (cost=83.08..83.08 rows=632 width=4) (actual time=0.148...</text></switch></g><rect x="0" y="172" width="400" height="80" rx="12" ry="12" fill="rgb(255, 255, 255)" stroke="rgb(0, 0, 0)" pointer-events="all"/><g transform="translate(-0.5 -0.5)"><switch><foreignObject pointer-events="none" width="100%" height="100%" requiredFeatures="http://www.w3.org/TR/SVG11/feature#Extensibility" style="overflow: visible; text-align: left;"><div xmlns="http://www.w3.org/1999/xhtml" style="display: flex; align-items: unsafe center; justify-content: unsafe center; width: 398px; height: 1px; padding-top: 212px; margin-left: 1px;"><div data-drawio-colors="color: rgb(0, 0, 0); " style="box-sizing: border-box; font-size: 0px; text-align: center;"><div style="display: inline-block; font-size: 12px; font-family: Helvetica; color: rgb(0, 0, 0); line-height: 1.2; pointer-events: all; white-space: normal; overflow-wrap: normal;"><div><b>Hash Join </b> (cost=95.95..289.22 rows=816 width=8) (actual time=0.156..1.473 rows=782 loops=1)</div><div><span style="background-color: initial;"><br /></span></div><div><span style="background-color: initial;">Hash Cond: (prodotto.coddonazione = donazione.coddonazione)</span></div></div></div></div></foreignObject><text x="200" y="216" fill="rgb(0, 0, 0)" font-family="Helvetica" font-size="12px" text-anchor="middle">Hash Join  (cost=95.95..289.22 rows=816 width=8) (actual time=0.15...</text></switch></g><rect x="443.5" y="376" width="333" height="80" rx="12" ry="12" fill="rgb(255, 255, 255)" stroke="rgb(0, 0, 0)" pointer-events="all"/><g transform="translate(-0.5 -0.5)"><switch><foreignObject pointer-events="none" width="100%" height="100%" requiredFeatures="http://www.w3.org/TR/SVG11/feature#Extensibility" style="overflow: visible; text-align: left;"><div xmlns="http://www.w3.org/1999/xhtml" style="display: flex; align-items: unsafe center; justify-content: unsafe center; width: 331px; height: 1px; padding-top: 416px; margin-left: 445px;"><div data-drawio-colors="color: rgb(0, 0, 0); " style="box-sizing: border-box; font-size: 0px; text-align: center;"><div style="display: inline-block; font-size: 12px; font-family: Helvetica; color: rgb(0, 0, 0); line-height: 1.2; pointer-events: all; white-space: normal; overflow-wrap: normal;"><b>Hash</b>  (cost=88.11..88.11 rows=627 width=8) (actual time=0.132..0.132 rows=628 loops=1)</div></div></div></foreignObject><text x="610" y="420" fill="rgb(0, 0, 0)" font-family="Helvetica" font-size="12px" text-anchor="middle">Hash  (cost=88.11..88.11 rows=627 width=8) (actual time...</text></switch></g><rect x="430" y="542" width="360" height="80" rx="12" ry="12" fill="rgb(255, 255, 255)" stroke="rgb(0, 0, 0)" pointer-events="all"/><g transform="translate(-0.5 -0.5)"><switch><foreignObject pointer-events="none" width="100%" height="100%" requiredFeatures="http://www.w3.org/TR/SVG11/feature#Extensibility" style="overflow: visible; text-align: left;"><div xmlns="http://www.w3.org/1999/xhtml" style="display: flex; align-items: unsafe center; justify-content: unsafe center; width: 358px; height: 1px; padding-top: 582px; margin-left: 431px;"><div data-drawio-colors="color: rgb(0, 0, 0); " style="box-sizing: border-box; font-size: 0px; text-align: center;"><div style="display: inline-block; font-size: 12px; font-family: Helvetica; color: rgb(0, 0, 0); line-height: 1.2; pointer-events: all; white-space: normal; overflow-wrap: normal;"><div><b>Bitmap Heap Scan</b> on donazione  (cost=14.71..88.11 rows=627 width=8) (actual time=0.026..0.080 rows=628 loops=1)</div><div><br /></div><div>Recheck Cond: ((dataora &gt;= '2022-05-01 00:00:00') AND (dataora &lt;= '2022-06-01 00:00:00'))</div></div></div></div></foreignObject><text x="610" y="586" fill="rgb(0, 0, 0)" font-family="Helvetica" font-size="12px" text-anchor="middle">Bitmap Heap Scan on donazione  (cost=14.71..88.11 rows=627 w...</text></switch></g><path d="M 200 376 L 200 252" fill="none" stroke="rgb(0, 0, 0)" stroke-miterlimit="10" pointer-events="stroke"/><path d="M 610 376 L 610 289 L 200 289" fill="none" stroke="rgb(0, 0, 0)" stroke-miterlimit="10" pointer-events="stroke"/><path d="M 610 542 L 610 455" fill="none" stroke="rgb(0, 0, 0)" stroke-miterlimit="10" pointer-events="stroke"/><path d="M 1024 182 L 1024 112 L 200 112" fill="none" stroke="rgb(0, 0, 0)" stroke-miterlimit="10" pointer-events="stroke"/><path d="M 200 172 L 200 80" fill="none" stroke="rgb(0, 0, 0)" stroke-miterlimit="10" pointer-events="stroke"/><path d="M 1024 381 L 1024 262" fill="none" stroke="rgb(0, 0, 0)" stroke-miterlimit="10" pointer-events="stroke"/><rect x="425" y="692" width="370" height="110" rx="16.5" ry="16.5" fill="rgb(255, 255, 255)" stroke="rgb(0, 0, 0)" pointer-events="all"/><g transform="translate(-0.5 -0.5)"><switch><foreignObject pointer-events="none" width="100%" height="100%" requiredFeatures="http://www.w3.org/TR/SVG11/feature#Extensibility" style="overflow: visible; text-align: left;"><div xmlns="http://www.w3.org/1999/xhtml" style="display: flex; align-items: unsafe center; justify-content: unsafe center; width: 368px; height: 1px; padding-top: 747px; margin-left: 426px;"><div data-drawio-colors="color: rgb(0, 0, 0); " style="box-sizing: border-box; font-size: 0px; text-align: center;"><div style="display: inline-block; font-size: 12px; font-family: Helvetica; color: rgb(0, 0, 0); line-height: 1.2; pointer-events: all; white-space: normal; overflow-wrap: normal;"><b>Bitmap Index Scan</b> on <b>idx_ord_dataora_donazione</b>  (cost=0.00..14.55 rows=627 width=0) (actual time=0.020..0.020 rows=628 loops=1)<br /><br />Index Cond: ((dataora &gt;= '2022-05-01 00:00:00') AND (dataora &lt;= '2022-06-01 00:00:00'))"</div></div></div></foreignObject><text x="610" y="751" fill="rgb(0, 0, 0)" font-family="Helvetica" font-size="12px" text-anchor="middle">Bitmap Index Scan on idx_ord_dataora_donazione  (cost=0.00..1...</text></switch></g><path d="M 610 692 L 610 622" fill="none" stroke="rgb(0, 0, 0)" stroke-miterlimit="10" pointer-events="stroke"/><rect x="844" y="381" width="360" height="80" rx="12" ry="12" fill="rgb(255, 255, 255)" stroke="rgb(0, 0, 0)" pointer-events="all"/><g transform="translate(-0.5 -0.5)"><switch><foreignObject pointer-events="none" width="100%" height="100%" requiredFeatures="http://www.w3.org/TR/SVG11/feature#Extensibility" style="overflow: visible; text-align: left;"><div xmlns="http://www.w3.org/1999/xhtml" style="display: flex; align-items: unsafe center; justify-content: unsafe center; width: 358px; height: 1px; padding-top: 421px; margin-left: 845px;"><div data-drawio-colors="color: rgb(0, 0, 0); " style="box-sizing: border-box; font-size: 0px; text-align: center;"><div style="display: inline-block; font-size: 12px; font-family: Helvetica; color: rgb(0, 0, 0); line-height: 1.2; pointer-events: all; white-space: normal; overflow-wrap: normal;"><div><b>Bitmap Heap Scan</b> on trasporto  (cost=9.18..83.08 rows=632 width=4) (actual time=0.017..0.074 rows=632 loops=1)</div><div><br /></div><div>Recheck Cond: (ncasse &lt; 3)</div></div></div></div></foreignObject><text x="1024" y="425" fill="rgb(0, 0, 0)" font-family="Helvetica" font-size="12px" text-anchor="middle">Bitmap Heap Scan on trasporto  (cost=9.18..83.08 rows=632 wi...</text></switch></g><rect x="839" y="531" width="370" height="110" rx="16.5" ry="16.5" fill="rgb(255, 255, 255)" stroke="rgb(0, 0, 0)" pointer-events="all"/><g transform="translate(-0.5 -0.5)"><switch><foreignObject pointer-events="none" width="100%" height="100%" requiredFeatures="http://www.w3.org/TR/SVG11/feature#Extensibility" style="overflow: visible; text-align: left;"><div xmlns="http://www.w3.org/1999/xhtml" style="display: flex; align-items: unsafe center; justify-content: unsafe center; width: 368px; height: 1px; padding-top: 586px; margin-left: 840px;"><div data-drawio-colors="color: rgb(0, 0, 0); " style="box-sizing: border-box; font-size: 0px; text-align: center;"><div style="display: inline-block; font-size: 12px; font-family: Helvetica; color: rgb(0, 0, 0); line-height: 1.2; pointer-events: all; white-space: normal; overflow-wrap: normal;"><div><b>Bitmap Index Scan</b> on <b>idx_ord_ncasse_trasporto</b>  (cost=0.00..9.02 rows=632 width=0) (actual time=0.012..0.012 rows=632 loops=1)</div><div><br /></div><div>Index Cond: (ncasse &lt; 3)</div></div></div></div></foreignObject><text x="1024" y="590" fill="rgb(0, 0, 0)" font-family="Helvetica" font-size="12px" text-anchor="middle">Bitmap Index Scan on idx_ord_ncasse_trasporto  (cost=0.00..9....</text></switch></g><path d="M 1024 531 L 1024 461" fill="none" stroke="rgb(0, 0, 0)" stroke-miterlimit="10" pointer-events="stroke"/></g><switch><g requiredFeatures="http://www.w3.org/TR/SVG11/feature#Extensibility"/><a transform="translate(0,-5)" xlink:href="https://www.diagrams.net/doc/faq/svg-export-text-problems" target="_blank"><text text-anchor="middle" font-size="10px" x="50%" y="100%">Text is not SVG - cannot display</text></a></switch></svg>