<?xml version="1.0" encoding="UTF-8"?>
<!-- Do not edit this file with editors other than diagrams.net -->
<!DOCTYPE svg PUBLIC "-//W3C//DTD SVG 1.1//EN" "http://www.w3.org/Graphics/SVG/1.1/DTD/svg11.dtd">
<svg xmlns="http://www.w3.org/2000/svg" xmlns:xlink="http://www.w3.org/1999/xlink" version="1.1" width="1331px" height="825px" viewBox="-0.5 -0.5 1331 825" content="&lt;mxfile host=&quot;app.diagrams.net&quot; modified=&quot;2022-07-15T07:38:44.329Z&quot; agent=&quot;5.0 (X11; Linux x86_64) AppleWebKit/537.36 (KHTML, like Gecko) Chrome/103.0.5060.114 Safari/537.36&quot; version=&quot;20.1.1&quot; etag=&quot;J2LUFnNMotlO6PcDuE8b&quot; type=&quot;google&quot;&gt;&lt;diagram id=&quot;AoCUXY98hbIjyLpb0NY7&quot;&gt;7VpLc6M4EP41rkkOofRChmMeMzu1Vbu1VTnszlEDGpsajBiQY3t+/UogQAicYCrJONn1waCWWlL393W3wF7g283+t4Ll6z9EzNMFAvF+ge8WCCFCsLpoyaGWQBj6tWRVJLGRdYL75Cc3QmCk2yTmZW+gFCKVSd4XRiLLeCR7MlYUYtcf9k2k/VVztuIDwX3E0qH07ySW61oaoGUn/8yT1bpZGdKw7tmwZrCxpFyzWOwsEf64wLeFELK+2+xveaq91/il1vt0pLfdWMEzOUUB1QoPLN0a2xaIpkr15qu6Wembz6xcqyG/iyRr+tR8bbe6sk2ubrKvZV61wUUkSr06xksvoJ7nE+yFRHUYzwdU3e+M48il1mCR3DK9MZls9EaAUkCehzwIg04RK+KAVIgKZnjZbrWwNuNIzO5vRaYsvtZL5YWIhZTCi0Qci4z9TETGVUdlPmglve5Lg5Y8NBQoxDaLufYiVKvs1onk9zmLdO9OsV7J1nKTmu5vIpOGxVBBfLNKWalNUGvelLIQ31sa6dEtJ0BlUYUPLyTfH8UYtsxRMcfFhsvioIY0CsCQrQk3RIxg15GXNIPWFnEDI2MmXlbt3B2l1I1h1TjD8NMMu+c/1AgVX0cIBkSmDTa4PUI44AHgeZD6HrboBgGtmo21wRHGAYA9D3i+DhlX1ybd22VCGPaJQOgrEoFMTTUuvKOUsHMMIJ5XXzvg6JQcE/hUIx74SyvH0HcDt0+dwCd+8Hp4+0fxjpOHQcIerzanMAGSwAvBTCYQFNRMQI8woV1+xIARUZnrhGZxh/7YispYFn1fVTy6ikQqirowJVkiE7WragIz8nhds3ZTrzMQv/omh6W2V0xlwcpcFDqBm1rbSnrdl0+YNuqDnmXvKGIpXL5exNKJETsalSdWc+vk9VQ5V0dIElrxrI/ZE4o50QFNoG9rBrMj2t3j2xHNtPFTkkpuov7iImaSiYLZC9RaVSB/QAChK+BfAUVvoOiJr83XBw3P9Z93VTYYzpEO5qBjcxxF6g1HOnIiPUAjZ7HghSJ9OfksdsrzHiSwjtjqasUdtu06VoJx6OuIxaHvar6P0xgEKJgA+Usl92DWcWxaMrdK+1PJfBY1AEAVNfSLo+PU+P949ugmewk9ixT1+TAVI4D/y+evYYyGAX69GA1HYtRxJs/ia/0GU7UyfXrqOa/ztPYH3yfynyp+fNP6YvXc7e3GoWlkasuWkm5+MbNXjU6tah16vuex8960FNsiMiLjR8mKFTc+Q5Pxsbzvjzi/kRU8ZTJ56G9iDBGzwl/qMVNaRRk6RRlTB9XaIKNmv1d1ZiKhOxNxZqr9MJipokhr+CTWNJv+hbSZAD85M6yXvoNQG9WnYo3d96t4OQ1rhQg7WMNyPaB8ZMvu02GzUMedesrZTILPy6SZyeSFGOgPE9DZkZLQPsIUziTlYCbfnekZExB6z7ShQ9r4506bpZuBZtOGTsxlc2gz9tPQ2dWt5ZlhDRGAfYiCJo2dDDbVj1bdx3dIhMkk6E8tYxC5h+xmpWerY2O/NZ0ds4KzZ1b78HMqs4YQh+7panYeUc3u/xH18O5vJvjjvw==&lt;/diagram&gt;&lt;/mxfile&gt;" style="background-color: rgb(255, 255, 255);"><defs/><g><rect x="1" y="0" width="400" height="80" rx="12" ry="12" fill="rgb(255, 255, 255)" stroke="rgb(0, 0, 0)" pointer-events="all"/><g transform="translate(-0.5 -0.5)"><switch><foreignObject pointer-events="none" width="100%" height="100%" requiredFeatures="http://www.w3.org/TR/SVG11/feature#Extensibility" style="overflow: visible; text-align: left;"><div xmlns="http://www.w3.org/1999/xhtml" style="display: flex; align-items: unsafe center; justify-content: unsafe center; width: 398px; height: 1px; padding-top: 40px; margin-left: 2px;"><div data-drawio-colors="color: rgb(0, 0, 0); " style="box-sizing: border-box; font-size: 0px; text-align: center;"><div style="display: inline-block; font-size: 12px; font-family: Helvetica; color: rgb(0, 0, 0); line-height: 1.2; pointer-events: all; white-space: normal; overflow-wrap: normal;"><b>Hash Join</b>  (cost=337.86..543.94 rows=86 width=4) (actual time=0.942..2.118 rows=33 loops=1)<br /><br />Hash Cond: (prodotto.coddonazione = donazione.coddonazione)</div></div></div></foreignObject><text x="201" y="44" fill="rgb(0, 0, 0)" font-family="Helvetica" font-size="12px" text-anchor="middle">Hash Join  (cost=337.86..543.94 rows=86 width=4) (actual time=0.94...</text></switch></g><rect x="0" y="220" width="400" height="80" rx="12" ry="12" fill="rgb(255, 255, 255)" stroke="rgb(0, 0, 0)" pointer-events="all"/><g transform="translate(-0.5 -0.5)"><switch><foreignObject pointer-events="none" width="100%" height="100%" requiredFeatures="http://www.w3.org/TR/SVG11/feature#Extensibility" style="overflow: visible; text-align: left;"><div xmlns="http://www.w3.org/1999/xhtml" style="display: flex; align-items: unsafe center; justify-content: unsafe center; width: 398px; height: 1px; padding-top: 260px; margin-left: 1px;"><div data-drawio-colors="color: rgb(0, 0, 0); " style="box-sizing: border-box; font-size: 0px; text-align: center;"><div style="display: inline-block; font-size: 12px; font-family: Helvetica; color: rgb(0, 0, 0); line-height: 1.2; pointer-events: all; white-space: normal; overflow-wrap: normal;"><b>Seq Scan</b> on prodotto  (cost=0.00..165.34 rows=10634 width=8) (actual time=0.003..0.520 rows=10634 loops=1)</div></div></div></foreignObject><text x="200" y="264" fill="rgb(0, 0, 0)" font-family="Helvetica" font-size="12px" text-anchor="middle">Seq Scan on prodotto  (cost=0.00..165.34 rows=10634 width=8) (actu...</text></switch></g><rect x="461" y="218" width="400" height="80" rx="12" ry="12" fill="rgb(255, 255, 255)" stroke="rgb(0, 0, 0)" pointer-events="all"/><g transform="translate(-0.5 -0.5)"><switch><foreignObject pointer-events="none" width="100%" height="100%" requiredFeatures="http://www.w3.org/TR/SVG11/feature#Extensibility" style="overflow: visible; text-align: left;"><div xmlns="http://www.w3.org/1999/xhtml" style="display: flex; align-items: unsafe center; justify-content: unsafe center; width: 398px; height: 1px; padding-top: 258px; margin-left: 462px;"><div data-drawio-colors="color: rgb(0, 0, 0); " style="box-sizing: border-box; font-size: 0px; text-align: center;"><div style="display: inline-block; font-size: 12px; font-family: Helvetica; color: rgb(0, 0, 0); line-height: 1.2; pointer-events: all; white-space: normal; overflow-wrap: normal;"><b>Hash </b> (cost=337.04..337.04 rows=66 width=4) (actual time=0.856..0.857 rows=36 loops=1)</div></div></div></foreignObject><text x="661" y="262" fill="rgb(0, 0, 0)" font-family="Helvetica" font-size="12px" text-anchor="middle">Hash  (cost=337.04..337.04 rows=66 width=4) (actual time=0.856..0....</text></switch></g><rect x="461" y="377" width="400" height="80" rx="12" ry="12" fill="rgb(255, 255, 255)" stroke="rgb(0, 0, 0)" pointer-events="all"/><g transform="translate(-0.5 -0.5)"><switch><foreignObject pointer-events="none" width="100%" height="100%" requiredFeatures="http://www.w3.org/TR/SVG11/feature#Extensibility" style="overflow: visible; text-align: left;"><div xmlns="http://www.w3.org/1999/xhtml" style="display: flex; align-items: unsafe center; justify-content: unsafe center; width: 398px; height: 1px; padding-top: 417px; margin-left: 462px;"><div data-drawio-colors="color: rgb(0, 0, 0); " style="box-sizing: border-box; font-size: 0px; text-align: center;"><div style="display: inline-block; font-size: 12px; font-family: Helvetica; color: rgb(0, 0, 0); line-height: 1.2; pointer-events: all; white-space: normal; overflow-wrap: normal;"><div><b>Hash Join </b> (cost=148.90..337.04 rows=66 width=4) (actual time=0.428..0.852 rows=36 loops=1)</div><div><span style="background-color: initial;"><br /></span></div><div><span style="background-color: initial;">Hash Cond: (donazione.codtrasporto = trasporto.codtrasporto)</span><br /></div></div></div></div></foreignObject><text x="661" y="421" fill="rgb(0, 0, 0)" font-family="Helvetica" font-size="12px" text-anchor="middle">Hash Join  (cost=148.90..337.04 rows=66 width=4) (actual time=0.42...</text></switch></g><rect x="421" y="580" width="480" height="80" rx="12" ry="12" fill="rgb(255, 255, 255)" stroke="rgb(0, 0, 0)" pointer-events="all"/><g transform="translate(-0.5 -0.5)"><switch><foreignObject pointer-events="none" width="100%" height="100%" requiredFeatures="http://www.w3.org/TR/SVG11/feature#Extensibility" style="overflow: visible; text-align: left;"><div xmlns="http://www.w3.org/1999/xhtml" style="display: flex; align-items: unsafe center; justify-content: unsafe center; width: 478px; height: 1px; padding-top: 620px; margin-left: 422px;"><div data-drawio-colors="color: rgb(0, 0, 0); " style="box-sizing: border-box; font-size: 0px; text-align: center;"><div style="display: inline-block; font-size: 12px; font-family: Helvetica; color: rgb(0, 0, 0); line-height: 1.2; pointer-events: all; white-space: normal; overflow-wrap: normal;"><div> <b>Seq Scan</b> on donazione  (cost=0.00..186.49 rows=627 width=8) (actual time=0.004..0.415 rows=628 loops=1)</div><div>                   </div><div> Filter: ((dataora &gt;= '2022-05-01 00:00:00') AND (dataora &lt;= '2022-06-01 00:00:00'))</div></div></div></div></foreignObject><text x="661" y="624" fill="rgb(0, 0, 0)" font-family="Helvetica" font-size="12px" text-anchor="middle">Seq Scan on donazione  (cost=0.00..186.49 rows=627 width=8) (actual time=0.004....</text></switch></g><rect x="929" y="580" width="400" height="80" rx="12" ry="12" fill="rgb(255, 255, 255)" stroke="rgb(0, 0, 0)" pointer-events="all"/><g transform="translate(-0.5 -0.5)"><switch><foreignObject pointer-events="none" width="100%" height="100%" requiredFeatures="http://www.w3.org/TR/SVG11/feature#Extensibility" style="overflow: visible; text-align: left;"><div xmlns="http://www.w3.org/1999/xhtml" style="display: flex; align-items: unsafe center; justify-content: unsafe center; width: 398px; height: 1px; padding-top: 620px; margin-left: 930px;"><div data-drawio-colors="color: rgb(0, 0, 0); " style="box-sizing: border-box; font-size: 0px; text-align: center;"><div style="display: inline-block; font-size: 12px; font-family: Helvetica; color: rgb(0, 0, 0); line-height: 1.2; pointer-events: all; white-space: normal; overflow-wrap: normal;"><b>Hash</b>  (cost=141.00..141.00 rows=632 width=4) (actual time=0.395..0.395 rows=632 loops=1)</div></div></div></foreignObject><text x="1129" y="624" fill="rgb(0, 0, 0)" font-family="Helvetica" font-size="12px" text-anchor="middle">Hash  (cost=141.00..141.00 rows=632 width=4) (actual time=0.395..0...</text></switch></g><rect x="929" y="743" width="400" height="80" rx="12" ry="12" fill="rgb(255, 255, 255)" stroke="rgb(0, 0, 0)" pointer-events="all"/><g transform="translate(-0.5 -0.5)"><switch><foreignObject pointer-events="none" width="100%" height="100%" requiredFeatures="http://www.w3.org/TR/SVG11/feature#Extensibility" style="overflow: visible; text-align: left;"><div xmlns="http://www.w3.org/1999/xhtml" style="display: flex; align-items: unsafe center; justify-content: unsafe center; width: 398px; height: 1px; padding-top: 783px; margin-left: 930px;"><div data-drawio-colors="color: rgb(0, 0, 0); " style="box-sizing: border-box; font-size: 0px; text-align: center;"><div style="display: inline-block; font-size: 12px; font-family: Helvetica; color: rgb(0, 0, 0); line-height: 1.2; pointer-events: all; white-space: normal; overflow-wrap: normal;"><div><b>Seq Scan</b> on trasporto  (cost=0.00..141.00 rows=632 width=4) (actual time=0.002..0.343 rows=632 loops=1)</div><div><span style="background-color: initial;"><br /></span></div><div><span style="background-color: initial;">Filter: (ncasse &lt; 3)</span><br /></div></div></div></div></foreignObject><text x="1129" y="787" fill="rgb(0, 0, 0)" font-family="Helvetica" font-size="12px" text-anchor="middle">Seq Scan on trasporto  (cost=0.00..141.00 rows=632 width=4) (actua...</text></switch></g><path d="M 200 220 L 201 80" fill="none" stroke="rgb(0, 0, 0)" stroke-miterlimit="10" pointer-events="stroke"/><path d="M 661 218 L 661 130 L 201 130" fill="none" stroke="rgb(0, 0, 0)" stroke-miterlimit="10" pointer-events="stroke"/><path d="M 661 377 L 661 298" fill="none" stroke="rgb(0, 0, 0)" stroke-miterlimit="10" pointer-events="stroke"/><path d="M 661 580 L 661 457" fill="none" stroke="rgb(0, 0, 0)" stroke-miterlimit="10" pointer-events="stroke"/><path d="M 1129 580 L 1129 494 L 661 494" fill="none" stroke="rgb(0, 0, 0)" stroke-miterlimit="10" pointer-events="stroke"/><path d="M 1129 743 L 1129 660" fill="none" stroke="rgb(0, 0, 0)" stroke-miterlimit="10" pointer-events="stroke"/></g><switch><g requiredFeatures="http://www.w3.org/TR/SVG11/feature#Extensibility"/><a transform="translate(0,-5)" xlink:href="https://www.diagrams.net/doc/faq/svg-export-text-problems" target="_blank"><text text-anchor="middle" font-size="10px" x="50%" y="100%">Text is not SVG - cannot display</text></a></switch></svg>